CPU RAM COMMAND
  0.0  3.0 /usr/local/mysql/bin/mysqld
  0.0  3.0 /usr/local/mysql/bin/mysqld
  0.0  3.0 /usr/local/mysql/bin/mysqld
  0.0  3.0 /usr/local/mysql/bin/mysqld
 54.5  3.0 /usr/local/mysql/bin/mysqld
 59.2  3.0 /usr/local/mysql/bin/mysqld
 57.6  3.0 /usr/local/mysql/bin/mysqld
 55.3  3.0 /usr/local/mysql/bin/mysqld
 52.7  3.0 /usr/local/mysql/bin/mysqld
 49.5  3.0 /usr/local/mysql/bin/mysqld
 48.3  3.0 /usr/local/mysql/bin/mysqld
 32.7  3.0 /usr/local/mysql/bin/mysqld
 60.9  3.0 /usr/local/mysql/bin/mysqld
 58.2  3.0 /usr/local/mysql/bin/mysqld
 55.0  3.0 /usr/local/mysql/bin/mysqld
 54.4  3.0 /usr/local/mysql/bin/mysqld
 51.7  3.0 /usr/local/mysql/bin/mysqld
 48.9  3.0 /usr/local/mysql/bin/mysqld
 47.1  3.0 /usr/local/mysql/bin/mysqld
 30.1  3.0 /usr/local/mysql/bin/mysqld
 59.6  3.0 /usr/local/mysql/bin/mysqld
 58.2  3.0 /usr/local/mysql/bin/mysqld
 55.5  3.0 /usr/local/mysql/bin/mysqld
 53.5  3.0 /usr/local/mysql/bin/mysqld
 52.2  3.0 /usr/local/mysql/bin/mysqld
 49.0  3.0 /usr/local/mysql/bin/mysqld
 48.7  3.0 /usr/local/mysql/bin/mysqld
 35.4  3.0 /usr/local/mysql/bin/mysqld
 59.6  3.0 /usr/local/mysql/bin/mysqld
 60.5  3.0 /usr/local/mysql/bin/mysqld
 57.1  3.0 /usr/local/mysql/bin/mysqld
 54.8  3.0 /usr/local/mysql/bin/mysqld
 53.0  3.0 /usr/local/mysql/bin/mysqld
 50.5  3.0 /usr/local/mysql/bin/mysqld
 47.6  3.0 /usr/local/mysql/bin/mysqld
 35.4  3.0 /usr/local/mysql/bin/mysqld
 60.0  3.0 /usr/local/mysql/bin/mysqld
 60.5  3.0 /usr/local/mysql/bin/mysqld
 56.8  3.0 /usr/local/mysql/bin/mysqld
 54.8  3.0 /usr/local/mysql/bin/mysqld
 52.2  3.0 /usr/local/mysql/bin/mysqld
 50.4  3.0 /usr/local/mysql/bin/mysqld
 43.8  3.0 /usr/local/mysql/bin/mysqld
 51.1  3.0 /usr/local/mysql/bin/mysqld
 61.3  3.0 /usr/local/mysql/bin/mysqld
 61.0  3.0 /usr/local/mysql/bin/mysqld
 58.0  3.0 /usr/local/mysql/bin/mysqld
 55.5  3.0 /usr/local/mysql/bin/mysqld
 52.4  3.0 /usr/local/mysql/bin/mysqld
 48.3  3.0 /usr/local/mysql/bin/mysqld
 44.3  3.0 /usr/local/mysql/bin/mysqld
 50.6  3.0 /usr/local/mysql/bin/mysqld
 61.4  3.0 /usr/local/mysql/bin/mysqld
 61.2  3.0 /usr/local/mysql/bin/mysqld
 58.0  3.0 /usr/local/mysql/bin/mysqld
 51.7  3.0 /usr/local/mysql/bin/mysqld
 48.1  3.0 /usr/local/mysql/bin/mysqld
 47.8  3.0 /usr/local/mysql/bin/mysqld
 45.1  3.0 /usr/local/mysql/bin/mysqld
 58.2  3.0 /usr/local/mysql/bin/mysqld
 61.5  3.0 /usr/local/mysql/bin/mysqld
 60.0  3.0 /usr/local/mysql/bin/mysqld
 54.1  3.0 /usr/local/mysql/bin/mysqld
 51.1  3.0 /usr/local/mysql/bin/mysqld
 48.4  3.0 /usr/local/mysql/bin/mysqld
 47.8  3.0 /usr/local/mysql/bin/mysqld
 43.6  3.0 /usr/local/mysql/bin/mysqld
 58.4  3.0 /usr/local/mysql/bin/mysqld
 62.1  3.0 /usr/local/mysql/bin/mysqld
 57.3  3.0 /usr/local/mysql/bin/mysqld
 55.3  3.0 /usr/local/mysql/bin/mysqld
 52.6  3.0 /usr/local/mysql/bin/mysqld
 50.7  3.0 /usr/local/mysql/bin/mysqld
 48.7  3.0 /usr/local/mysql/bin/mysqld
 30.9  3.0 /usr/local/mysql/bin/mysqld
 60.3  3.0 /usr/local/mysql/bin/mysqld
 60.3  3.0 /usr/local/mysql/bin/mysqld
 57.7  3.0 /usr/local/mysql/bin/mysqld
 55.0  3.0 /usr/local/mysql/bin/mysqld
 52.9  3.0 /usr/local/mysql/bin/mysqld
 50.1  3.0 /usr/local/mysql/bin/mysqld
 48.7  3.0 /usr/local/mysql/bin/mysqld
 22.3  3.0 /usr/local/mysql/bin/mysqld
  2.1  3.0 /usr/local/mysql/bin/mysqld
  0.3  3.0 /usr/local/mysql/bin/mysqld
  0.0  3.0 /usr/local/mysql/bin/mysqld
  0.0  3.0 /usr/local/mysql/bin/mysqld
  0.0  3.0 /usr/local/mysql/bin/mysqld
  0.0  3.0 /usr/local/mysql/bin/mysqld
  0.0  3.0 /usr/local/mysql/bin/mysqld
  0.0  3.0 /usr/local/mysql/bin/mysqld
