CPU RAM COMMAND
  0.0  3.0 /usr/local/mysql/bin/mysqld
  0.0  3.0 /usr/local/mysql/bin/mysqld
  0.0  3.0 /usr/local/mysql/bin/mysqld
  0.0  3.0 /usr/local/mysql/bin/mysqld
 44.2  3.0 /usr/local/mysql/bin/mysqld
 64.5  3.0 /usr/local/mysql/bin/mysqld
 67.9  3.0 /usr/local/mysql/bin/mysqld
 67.5  3.0 /usr/local/mysql/bin/mysqld
 69.8  3.0 /usr/local/mysql/bin/mysqld
 70.9  3.0 /usr/local/mysql/bin/mysqld
 69.2  3.0 /usr/local/mysql/bin/mysqld
 69.0  3.0 /usr/local/mysql/bin/mysqld
 69.9  3.0 /usr/local/mysql/bin/mysqlds
 68.8  3.0 /usr/local/mysql/bin/mysqld
 70.0  3.0 /usr/local/mysql/bin/mysqld
 69.1  3.0 /usr/local/mysql/bin/mysqld
 70.0  3.0 /usr/local/mysql/bin/mysqld
 70.9  3.0 /usr/local/mysql/bin/mysqld
 65.5  3.0 /usr/local/mysql/bin/mysqld
 68.5  3.0 /usr/local/mysql/bin/mysqld
 67.8  3.0 /usr/local/mysql/bin/mysqld
 69.9  3.0 /usr/local/mysql/bin/mysqld
 70.5  3.0 /usr/local/mysql/bin/mysqld
 68.7  3.0 /usr/local/mysql/bin/mysqld
 70.2  3.0 /usr/local/mysql/bin/mysqld
 70.8  3.0 /usr/local/mysql/bin/mysqld
 69.8  3.0 /usr/local/mysql/bin/mysqld
 70.2  3.0 /usr/local/mysql/bin/mysqld
 70.9  3.0 /usr/local/mysql/bin/mysqld
 63.1  3.0 /usr/local/mysql/bin/mysqld
 69.3  3.0 /usr/local/mysql/bin/mysqld
 68.7  3.0 /usr/local/mysql/bin/mysqld
 69.3  3.0 /usr/local/mysql/bin/mysqld
 71.0  3.0 /usr/local/mysql/bin/mysqld
 67.1  3.0 /usr/local/mysql/bin/mysqld
 70.1  3.0 /usr/local/mysql/bin/mysqld
 66.6  3.0 /usr/local/mysql/bin/mysqld
 70.7  3.0 /usr/local/mysql/bin/mysqld
 68.2  3.0 /usr/local/mysql/bin/mysqld
 68.0  3.0 /usr/local/mysql/bin/mysqld
 69.8  3.0 /usr/local/mysql/bin/mysqld
 71.6  3.0 /usr/local/mysql/bin/mysqld
 69.0  3.0 /usr/local/mysql/bin/mysqld
 69.4  3.0 /usr/local/mysql/bin/mysqld
 68.3  3.0 /usr/local/mysql/bin/mysqld
 66.5  3.0 /usr/local/mysql/bin/mysqld
 69.0  3.0 /usr/local/mysql/bin/mysqld
 68.1  3.0 /usr/local/mysql/bin/mysqld
 68.7  3.0 /usr/local/mysql/bin/mysqld
 68.4  3.0 /usr/local/mysql/bin/mysqld
 67.3  3.0 /usr/local/mysql/bin/mysqld
 70.5  3.0 /usr/local/mysql/bin/mysqld
 67.3  3.0 /usr/local/mysql/bin/mysqld
 70.5  3.0 /usr/local/mysql/bin/mysqld
 70.2  3.0 /usr/local/mysql/bin/mysqld
 70.5  3.0 /usr/local/mysql/bin/mysqld
 70.3  3.0 /usr/local/mysql/bin/mysqld
 71.1  3.0 /usr/local/mysql/bin/mysqld
 13.5  3.0 /usr/local/mysql/bin/mysqld
  2.1  3.0 /usr/local/mysql/bin/mysqld
  0.1  3.0 /usr/local/mysql/bin/mysqld
  0.0  3.0 /usr/local/mysql/bin/mysqld
  0.0  3.0 /usr/local/mysql/bin/mysqld
  0.0  3.0 /usr/local/mysql/bin/mysqld
  0.0  3.0 /usr/local/mysql/bin/mysqld
  0.0  3.0 /usr/local/mysql/bin/mysqld
  0.0  3.0 /usr/local/mysql/bin/mysqld
  0.0  3.0 /usr/local/mysql/bin/mysqld
  0.0  3.0 /usr/local/mysql/bin/mysqld
  0.0  3.0 /usr/local/mysql/bin/mysqld
  0.0  3.0 /usr/local/mysql/bin/mysqld
  0.0  3.0 /usr/local/mysql/bin/mysqld
  0.0  3.0 /usr/local/mysql/bin/mysqld
  0.0  3.0 /usr/local/mysql/bin/mysqld
  0.0  3.0 /usr/local/mysql/bin/mysqld
  0.0  3.0 /usr/local/mysql/bin/mysqld
  0.0  3.0 /usr/local/mysql/bin/mysqld
  0.0  3.0 /usr/local/mysql/bin/mysqld
  0.0  3.0 /usr/local/mysql/bin/mysqld
  0.0  3.0 /usr/local/mysql/bin/mysqld
  0.0  3.0 /usr/local/mysql/bin/mysqld
  0.0  3.0 /usr/local/mysql/bin/mysqld
  0.0  3.0 /usr/local/mysql/bin/mysqld
  0.0  3.0 /usr/local/mysql/bin/mysqld
  0.0  3.0 /usr/local/mysql/bin/mysqld
  0.0  3.0 /usr/local/mysql/bin/mysqld
  0.0  3.0 /usr/local/mysql/bin/mysqld
  0.0  3.0 /usr/local/mysql/bin/mysqld
  0.0  3.0 /usr/local/mysql/bin/mysqld
  0.0  3.0 /usr/local/mysql/bin/mysqld
  0.0  3.0 /usr/local/mysql/bin/mysqld
  0.0  3.0 /usr/local/mysql/bin/mysqld
  0.0  3.0 /usr/local/mysql/bin/mysqld
  0.0  3.0 /usr/local/mysql/bin/mysqld
  0.0  3.0 /usr/local/mysql/bin/mysqld
  0.0  3.0 /usr/local/mysql/bin/mysqld
  0.0  3.0 /usr/local/mysql/bin/mysqld
  0.0  3.0 /usr/local/mysql/bin/mysqld
  0.0  3.0 /usr/local/mysql/bin/mysqld
  0.0  3.0 /usr/local/mysql/bin/mysqld
  0.0  3.0 /usr/local/mysql/bin/mysqld
  0.0  3.0 /usr/local/mysql/bin/mysqld
  0.0  3.0 /usr/local/mysql/bin/mysqld
  0.0  3.0 /usr/local/mysql/bin/mysqld
  0.0  3.0 /usr/local/mysql/bin/mysqld
