  CPU RAM COMMAND
  0.0  3.0 /usr/local/mysql/bin/mysqld
  0.0  3.0 /usr/local/mysql/bin/mysqld
  0.0  3.0 /usr/local/mysql/bin/mysqld
  0.0  3.0 /usr/local/mysql/bin/mysqld
  0.0  3.0 /usr/local/mysql/bin/mysqld
  0.0  3.0 /usr/local/mysql/bin/mysqld
  0.0  3.0 /usr/local/mysql/bin/mysqld
  0.0  3.0 /usr/local/mysql/bin/mysqld
 32.1  3.0 /usr/local/mysql/bin/mysqld
 61.5  3.0 /usr/local/mysql/bin/mysqld
 62.7  3.0 /usr/local/mysql/bin/mysqld
 65.4  3.0 /usr/local/mysql/bin/mysqld
 63.6  3.0 /usr/local/mysql/bin/mysqld
 65.7  3.0 /usr/local/mysql/bin/mysqld
 66.1  3.0 /usr/local/mysql/bin/mysqld
 65.0  3.0 /usr/local/mysql/bin/mysqld
 65.6  3.0 /usr/local/mysql/bin/mysqld
 66.3  3.0 /usr/local/mysql/bin/mysqld
 65.3  3.0 /usr/local/mysql/bin/mysqld
 67.6  3.0 /usr/local/mysql/bin/mysqld
 62.6  3.0 /usr/local/mysql/bin/mysqld
 65.8  3.0 /usr/local/mysql/bin/mysqld
 66.8  3.0 /usr/local/mysql/bin/mysqld
 66.4  3.0 /usr/local/mysql/bin/mysqld
 65.7  3.0 /usr/local/mysql/bin/mysqld
 69.7  3.0 /usr/local/mysql/bin/mysqld
 66.1  3.0 /usr/local/mysql/bin/mysqld
 65.7  3.0 /usr/local/mysql/bin/mysqld
 67.4  3.0 /usr/local/mysql/bin/mysqld
 64.3  3.0 /usr/local/mysql/bin/mysqld
 67.3  3.0 /usr/local/mysql/bin/mysqld
 66.1  3.0 /usr/local/mysql/bin/mysqld
 62.2  3.0 /usr/local/mysql/bin/mysqld
 66.1  3.0 /usr/local/mysql/bin/mysqld
 67.1  3.0 /usr/local/mysql/bin/mysqld
 64.2  3.0 /usr/local/mysql/bin/mysqld
 67.4  3.0 /usr/local/mysql/bin/mysqld
 64.9  3.0 /usr/local/mysql/bin/mysqld
 67.2  3.0 /usr/local/mysql/bin/mysqld
 65.9  3.0 /usr/local/mysql/bin/mysqld
 66.1  3.0 /usr/local/mysql/bin/mysqld
 62.3  3.0 /usr/local/mysql/bin/mysqld
 63.4  3.0 /usr/local/mysql/bin/mysqld
 64.8  3.0 /usr/local/mysql/bin/mysqld
 66.4  3.0 /usr/local/mysql/bin/mysqld
 67.5  3.0 /usr/local/mysql/bin/mysqld
 66.5  3.0 /usr/local/mysql/bin/mysqld
 61.6  3.0 /usr/local/mysql/bin/mysqld
 66.4  3.0 /usr/local/mysql/bin/mysqld
 65.0  3.0 /usr/local/mysql/bin/mysqld
 68.2  3.0 /usr/local/mysql/bin/mysqld
 66.7  3.0 /usr/local/mysql/bin/mysqld
 64.8  3.0 /usr/local/mysql/bin/mysqld
 65.1  3.0 /usr/local/mysql/bin/mysqld
 68.4  3.0 /usr/local/mysql/bin/mysqld
 65.4  3.0 /usr/local/mysql/bin/mysqld
 67.6  3.0 /usr/local/mysql/bin/mysqld
 65.7  3.0 /usr/local/mysql/bin/mysqld
 61.0  3.0 /usr/local/mysql/bin/mysqld
 66.4  3.0 /usr/local/mysql/bin/mysqld
 68.7  3.0 /usr/local/mysql/bin/mysqld
 64.5  3.0 /usr/local/mysql/bin/mysqld
 67.3  3.0 /usr/local/mysql/bin/mysqld
 68.6  3.0 /usr/local/mysql/bin/mysqld
 60.2  3.0 /usr/local/mysql/bin/mysqld
 66.1  3.0 /usr/local/mysql/bin/mysqld
 38.0  3.0 /usr/local/mysql/bin/mysqld
  5.9  3.0 /usr/local/mysql/bin/mysqld
  0.9  3.0 /usr/local/mysql/bin/mysqld
  0.0  3.0 /usr/local/mysql/bin/mysqld
  0.0  3.0 /usr/local/mysql/bin/mysqld
