CPU RAM COMMAND
  0.0  3.0 /usr/local/mysql/bin/mysqld
  0.0  3.0 /usr/local/mysql/bin/mysqld
  0.0  3.0 /usr/local/mysql/bin/mysqld
  0.0  3.0 /usr/local/mysql/bin/mysqld
  0.0  3.0 /usr/local/mysql/bin/mysqld
 67.1  3.0 /usr/local/mysql/bin/mysqld
 73.6  3.0 /usr/local/mysql/bin/mysqld
 76.5  3.0 /usr/local/mysql/bin/mysqld
 74.8  3.0 /usr/local/mysql/bin/mysqld
 60.7  3.0 /usr/local/mysql/bin/mysqld
 69.0  3.0 /usr/local/mysql/bin/mysqld
 74.2  3.0 /usr/local/mysql/bin/mysqld
 77.8  3.0 /usr/local/mysql/bin/mysqld
 81.1  3.0 /usr/local/mysql/bin/mysqld
 68.6  3.0 /usr/local/mysql/bin/mysqld
 74.8  3.0 /usr/local/mysql/bin/mysqld
 76.4  3.0 /usr/local/mysql/bin/mysqld
 79.3  3.0 /usr/local/mysql/bin/mysqld
 81.3  3.0 /usr/local/mysql/bin/mysqld
 65.8  3.0 /usr/local/mysql/bin/mysqld
 64.2  3.0 /usr/local/mysql/bin/mysqld
 73.8  3.0 /usr/local/mysql/bin/mysqld
 78.7  3.0 /usr/local/mysql/bin/mysqld
 79.5  3.0 /usr/local/mysql/bin/mysqld
 75.9  3.0 /usr/local/mysql/bin/mysqld
 71.2  3.0 /usr/local/mysql/bin/mysqld
 76.0  3.0 /usr/local/mysql/bin/mysqld
 80.8  3.0 /usr/local/mysql/bin/mysqld
 78.3  3.0 /usr/local/mysql/bin/mysqld
 75.5  3.0 /usr/local/mysql/bin/mysqld
 70.6  3.0 /usr/local/mysql/bin/mysqld
 69.0  3.0 /usr/local/mysql/bin/mysqld
 77.5  3.0 /usr/local/mysql/bin/mysqld
 77.3  3.0 /usr/local/mysql/bin/mysqld
 78.3  3.0 /usr/local/mysql/bin/mysqld
 63.4  3.0 /usr/local/mysql/bin/mysqld
 78.8  3.0 /usr/local/mysql/bin/mysqld
 81.0  3.0 /usr/local/mysql/bin/mysqld
 76.3  3.0 /usr/local/mysql/bin/mysqld
 76.9  3.0 /usr/local/mysql/bin/mysqld
 70.7  3.0 /usr/local/mysql/bin/mysqld
 80.1  3.0 /usr/local/mysql/bin/mysqld
 66.9  3.0 /usr/local/mysql/bin/mysqld
 73.3  3.0 /usr/local/mysql/bin/mysqld
 80.2  3.0 /usr/local/mysql/bin/mysqld
 61.5  3.0 /usr/local/mysql/bin/mysqld
 76.8  3.0 /usr/local/mysql/bin/mysqld
 77.1  3.0 /usr/local/mysql/bin/mysqld
 80.2  3.0 /usr/local/mysql/bin/mysqld
 81.0  3.0 /usr/local/mysql/bin/mysqld
 68.7  3.0 /usr/local/mysql/bin/mysqld
 76.4  3.0 /usr/local/mysql/bin/mysqld
 77.4  3.0 /usr/local/mysql/bin/mysqld
 80.7  3.0 /usr/local/mysql/bin/mysqld
 75.9  3.0 /usr/local/mysql/bin/mysqld
 30.1  3.0 /usr/local/mysql/bin/mysqld
  4.6  3.0 /usr/local/mysql/bin/mysqld
  0.4  3.0 /usr/local/mysql/bin/mysqld
  0.0  3.0 /usr/local/mysql/bin/mysqld
  0.0  3.0 /usr/local/mysql/bin/mysqld
  0.0  3.0 /usr/local/mysql/bin/mysqld
  0.0  3.0 /usr/local/mysql/bin/mysqld
  0.0  3.0 /usr/local/mysql/bin/mysqld
